07:41:30  INFO  API enabled: Adzuna
07:41:30  INFO  API enabled: USAJobs
07:41:30  INFO  
Profile: Disaster Recovery / Emergency Management
07:41:30  INFO    Query: "disaster recovery consultant remote"
07:41:30  INFO      adzuna: 0 results
07:41:32  INFO      usajobs: 0 results
07:41:33  INFO    Query: "FEMA public assistance specialist"
07:41:33  INFO      adzuna: 2 results
07:41:35  INFO      usajobs: 0 results
07:41:36  INFO    Query: "emergency management consultant remote"
07:41:36  INFO      adzuna: 0 results
07:41:38  INFO      usajobs: 1 results
07:41:39  INFO    Query: "disaster recovery project manager"
07:41:39  INFO      adzuna: 20 results
07:41:41  INFO      usajobs: 0 results
07:41:42  INFO    Query: "grant management specialist FEMA"
07:41:42  INFO      adzuna: 0 results
07:41:44  INFO      usajobs: 0 results
07:41:45  INFO    Query: "hazard mitigation project manager"
07:41:46  INFO      adzuna: 3 results
07:41:48  INFO      usajobs: 0 results
07:41:49  INFO  
Profile: Tech Pivot - Implementation / Customer Success
07:41:49  INFO    Query: "implementation consultant remote"
07:41:50  INFO      adzuna: 20 results
07:41:51  INFO      usajobs: 1 results
07:41:52  INFO    Query: "implementation specialist remote"
07:41:53  INFO      adzuna: 20 results
07:41:55  INFO      usajobs: 4 results
07:41:56  INFO    Query: "onboarding consultant remote"
07:41:57  INFO      adzuna: 3 results
07:41:58  INFO      usajobs: 0 results
07:41:59  INFO    Query: "solutions consultant remote"
07:42:00  INFO      adzuna: 20 results
07:42:01  INFO      usajobs: 0 results
07:42:02  INFO  
Profile: Tech - Solutions Engineer / Sales / TAM
07:42:02  INFO    Query: "solutions engineer remote"
07:42:04  INFO      adzuna: 20 results
07:42:05  INFO      usajobs: 0 results
07:42:06  INFO    Query: "solutions engineer San Francisco"
07:42:07  INFO      adzuna: 0 results
07:42:08  INFO      usajobs: 0 results
07:42:09  INFO    Query: "solutions engineer Oakland"
07:42:09  INFO      adzuna: 0 results
07:42:11  INFO      usajobs: 0 results
07:42:12  INFO    Query: "solutions engineer Richmond California"
07:42:12  INFO      adzuna: 0 results
07:42:14  INFO      usajobs: 0 results
07:42:15  INFO    Query: "solutions engineer Marin County"
07:42:15  INFO      adzuna: 0 results
07:42:17  INFO      usajobs: 0 results
07:42:18  INFO    Query: "pre-sales engineer remote"
07:42:18  INFO      adzuna: 4 results
07:42:20  INFO      usajobs: 0 results
07:42:21  INFO    Query: "pre-sales engineer San Francisco"
07:42:21  INFO      adzuna: 0 results
07:42:23  INFO      usajobs: 0 results
07:42:24  INFO    Query: "pre-sales engineer Oakland"
07:42:24  INFO      adzuna: 0 results
07:42:26  INFO      usajobs: 0 results
07:42:27  INFO    Query: "sales engineer San Francisco"
07:42:27  INFO      adzuna: 4 results
07:42:29  INFO      usajobs: 0 results
07:42:30  INFO    Query: "sales engineer Oakland"
07:42:30  INFO      adzuna: 0 results
07:42:32  INFO      usajobs: 0 results
07:42:33  INFO    Query: "technical account manager remote"
07:42:34  INFO      adzuna: 6 results
07:42:35  INFO      usajobs: 0 results
07:42:36  INFO    Query: "technical account manager San Francisco"
07:42:36  INFO      adzuna: 1 results
07:42:38  INFO      usajobs: 0 results
07:42:39  INFO    Query: "technical account manager Oakland"
07:42:40  INFO      adzuna: 0 results
07:42:41  INFO      usajobs: 0 results
07:42:42  INFO    Query: "technical account manager Marin County"
07:42:43  INFO      adzuna: 0 results
07:42:44  INFO      usajobs: 0 results
07:42:45  INFO    Query: "enterprise account manager SaaS remote"
07:42:46  INFO      adzuna: 0 results
07:42:47  INFO      usajobs: 0 results
07:42:48  INFO    Query: "enterprise account manager San Francisco"
07:42:49  INFO      adzuna: 3 results
07:42:51  INFO      usajobs: 0 results
07:42:52  INFO    Query: "enterprise account manager Oakland"
07:42:52  INFO      adzuna: 0 results
07:42:54  INFO      usajobs: 0 results
07:42:55  INFO    Query: "strategic customer success manager San Francisco"
07:42:55  INFO      adzuna: 0 results
07:42:57  INFO      usajobs: 0 results
07:42:58  INFO    Query: "strategic customer success manager Oakland"
07:42:58  INFO      adzuna: 0 results
07:43:00  INFO      usajobs: 0 results
07:43:01  INFO    Query: "partner solutions manager remote"
07:43:01  INFO      adzuna: 0 results
07:43:03  INFO      usajobs: 0 results
07:43:04  INFO    Query: "partner solutions manager San Francisco"
07:43:04  INFO      adzuna: 0 results
07:43:06  INFO      usajobs: 0 results
07:43:07  INFO    Query: "technical sales consultant remote"
07:43:08  INFO      adzuna: 6 results
07:43:09  INFO      usajobs: 0 results
07:43:10  INFO    Query: "technical sales consultant San Francisco"
07:43:10  INFO      adzuna: 0 results
07:43:12  INFO      usajobs: 0 results
07:43:13  INFO    Query: "revenue enablement manager remote"
07:43:13  INFO      adzuna: 0 results
07:43:15  INFO      usajobs: 0 results
07:43:16  INFO    Query: "solutions consultant enterprise San Francisco"
07:43:17  INFO      adzuna: 0 results
07:43:18  INFO      usajobs: 0 results
07:43:19  INFO    Query: "solutions consultant enterprise Oakland"
07:43:19  INFO      adzuna: 0 results
07:43:22  INFO      usajobs: 0 results
07:43:23  INFO    Query: "solutions consultant Richmond California"
07:43:23  INFO      adzuna: 0 results
07:43:25  INFO      usajobs: 0 results
07:43:26  INFO  
Profile: GovTech
07:43:26  INFO    Query: "government account executive remote"
07:43:26  INFO      adzuna: 6 results
07:43:28  INFO      usajobs: 2 results
07:43:29  INFO    Query: "government account executive San Francisco"
07:43:30  INFO      adzuna: 0 results
07:43:31  INFO      usajobs: 0 results
07:43:32  INFO    Query: "government account executive Oakland"
07:43:33  INFO      adzuna: 0 results
07:43:35  INFO      usajobs: 0 results
07:43:36  INFO    Query: "public sector account executive remote"
07:43:36  INFO      adzuna: 0 results
07:43:38  INFO      usajobs: 0 results
07:43:39  INFO    Query: "public sector account executive San Francisco"
07:43:39  INFO      adzuna: 0 results
07:43:41  INFO      usajobs: 0 results
07:43:42  INFO    Query: "public sector solutions engineer remote"
07:43:43  INFO      adzuna: 0 results
07:43:44  INFO      usajobs: 0 results
07:43:45  INFO    Query: "public sector solutions engineer San Francisco"
07:43:46  INFO      adzuna: 0 results
07:43:47  INFO      usajobs: 0 results
07:43:48  INFO    Query: "public sector solutions engineer Oakland"
07:43:49  INFO      adzuna: 0 results
07:43:50  INFO      usajobs: 0 results
07:43:51  INFO    Query: "federal solutions engineer remote"
07:43:52  INFO      adzuna: 1 results
07:43:54  INFO      usajobs: 0 results
07:43:55  INFO    Query: "state local government sales remote"
07:43:55  INFO      adzuna: 0 results
07:43:57  INFO      usajobs: 0 results
07:43:58  INFO    Query: "state local government account manager San Francisco"
07:43:58  INFO      adzuna: 0 results
07:44:00  INFO      usajobs: 0 results
07:44:01  INFO    Query: "state local government account manager Oakland"
07:44:01  INFO      adzuna: 0 results
07:44:03  INFO      usajobs: 0 results
07:44:04  INFO    Query: "govtech account executive remote"
07:44:04  INFO      adzuna: 0 results
07:44:06  INFO      usajobs: 0 results
07:44:07  INFO    Query: "govtech account executive San Francisco"
07:44:08  INFO      adzuna: 0 results
07:44:09  INFO      usajobs: 0 results
07:44:10  INFO    Query: "govtech customer success manager remote"
07:44:11  INFO      adzuna: 0 results
07:44:13  INFO      usajobs: 0 results
07:44:14  INFO    Query: "govtech customer success manager San Francisco"
07:44:15  INFO      adzuna: 0 results
07:44:17  INFO      usajobs: 0 results
07:44:18  INFO    Query: "federal customer success manager remote"
07:44:19  INFO      adzuna: 0 results
07:44:21  INFO      usajobs: 1 results
07:44:22  INFO    Query: "government software sales remote"
07:44:23  INFO      adzuna: 0 results
07:44:25  INFO      usajobs: 0 results
07:44:26  INFO    Query: "government software sales San Francisco"
07:44:26  INFO      adzuna: 0 results
07:44:28  INFO      usajobs: 0 results
07:44:29  INFO    Query: "civic technology program manager remote"
07:44:30  INFO      adzuna: 0 results
07:44:31  INFO      usajobs: 0 results
07:44:32  INFO    Query: "civic technology program manager San Francisco"
07:44:33  INFO      adzuna: 0 results
07:44:35  INFO      usajobs: 0 results
07:44:36  INFO    Query: "civic technology program manager Oakland"
07:44:36  INFO      adzuna: 0 results
07:44:38  INFO      usajobs: 0 results
07:44:39  INFO    Query: "public sector implementation manager remote"
07:44:39  INFO      adzuna: 0 results
07:44:41  INFO      usajobs: 0 results
07:44:42  INFO    Query: "public sector implementation manager San Francisco"
07:44:42  INFO      adzuna: 0 results
07:44:44  INFO      usajobs: 0 results
07:44:45  INFO    Query: "emergency management software sales remote"
07:44:45  INFO      adzuna: 0 results
07:44:47  INFO      usajobs: 0 results
07:44:48  INFO    Query: "disaster recovery software account executive remote"
07:44:48  INFO      adzuna: 0 results
07:44:50  INFO      usajobs: 0 results
07:44:51  INFO    Query: "grants management software sales remote"
07:44:52  INFO      adzuna: 0 results
07:44:53  INFO      usajobs: 0 results
07:44:54  INFO    Query: "government SaaS account executive remote"
07:44:55  INFO      adzuna: 0 results
07:44:56  INFO      usajobs: 0 results
07:44:57  INFO    Query: "government SaaS account executive San Francisco"
07:44:58  INFO      adzuna: 0 results
07:45:00  INFO      usajobs: 0 results
07:45:01  INFO    Query: "government SaaS solutions engineer remote"
07:45:02  INFO      adzuna: 0 results
07:45:03  INFO      usajobs: 0 results
07:45:04  INFO  
Profile: Floodplain Management / ASFPM
07:45:04  INFO    Query: "floodplain manager"
07:45:11  INFO      adzuna: 20 results
07:45:13  INFO      usajobs: 0 results
07:45:14  INFO    Query: "floodplain administrator"
07:45:14  INFO      adzuna: 8 results
07:45:16  INFO      usajobs: 0 results
07:45:17  INFO    Query: "NFIP coordinator"
07:45:18  INFO      adzuna: 1 results
07:45:20  INFO      usajobs: 0 results
08:55:11  INFO    Query: "certified floodplain manager"
07:49:00  INFO  API enabled: Adzuna
07:49:00  INFO  API enabled: USAJobs
07:49:00  INFO  
Profile: Disaster Recovery / Emergency Management
07:49:00  INFO    Query: "disaster recovery consultant remote"
^C^C08:50:20  INFO  API enabled: Adzuna
08:50:20  INFO  API enabled: USAJobs
08:50:20  INFO  
Profile: Disaster Recovery / Emergency Management
08:50:20  INFO    Query: "disaster recovery consultant remote"
08:50:36  ERROR    Adzuna error for 'disaster recovery consultant remote': HTTPSConnectionPool(host='api.adzuna.com', port=443): Read timed out. (read timeout=15)
08:50:36  INFO      adzuna: 0 results
08:50:38  INFO      usajobs: 0 results
08:50:39  INFO    Query: "FEMA public assistance specialist"
08:50:40  INFO      adzuna: 2 results
08:50:42  INFO      usajobs: 0 results
08:50:43  INFO    Query: "emergency management consultant remote"
08:50:44  INFO      adzuna: 0 results
08:50:46  INFO      usajobs: 1 results
08:50:47  INFO    Query: "disaster recovery project manager"
08:50:48  INFO      adzuna: 20 results
08:50:50  INFO      usajobs: 0 results
08:50:51  INFO    Query: "grant management specialist FEMA"
08:50:52  INFO      adzuna: 0 results
08:50:54  INFO      usajobs: 0 results
08:50:55  INFO    Query: "hazard mitigation project manager"
08:50:55  INFO      adzuna: 3 results
08:50:57  INFO      usajobs: 0 results
08:50:58  INFO  
Profile: Tech Pivot - Implementation / Customer Success
08:50:58  INFO    Query: "implementation consultant remote"
08:50:59  INFO      adzuna: 20 results
08:51:01  INFO      usajobs: 1 results
08:51:02  INFO    Query: "implementation specialist remote"
08:51:04  INFO      adzuna: 20 results
08:51:05  INFO      usajobs: 3 results
08:51:06  INFO    Query: "onboarding consultant remote"
08:51:07  INFO      adzuna: 2 results
08:51:09  INFO      usajobs: 0 results
08:51:10  INFO    Query: "solutions consultant remote"
08:51:11  INFO      adzuna: 20 results
08:51:13  INFO      usajobs: 0 results
08:51:14  INFO  
Profile: Tech - Solutions Engineer / Sales / TAM
08:51:14  INFO    Query: "solutions engineer remote"
08:51:15  INFO      adzuna: 20 results
08:51:17  INFO      usajobs: 0 results
08:51:18  INFO    Query: "solutions engineer San Francisco"
08:51:19  INFO      adzuna: 0 results
08:51:21  INFO      usajobs: 0 results
08:51:22  INFO    Query: "solutions engineer Oakland"
08:51:22  INFO      adzuna: 0 results
08:51:24  INFO      usajobs: 0 results
08:51:25  INFO    Query: "solutions engineer Richmond California"
08:51:26  INFO      adzuna: 0 results
08:51:28  INFO      usajobs: 0 results
08:51:29  INFO    Query: "solutions engineer Marin County"
08:51:30  INFO      adzuna: 0 results
08:51:31  INFO      usajobs: 0 results
08:51:32  INFO    Query: "pre-sales engineer remote"
08:51:33  INFO      adzuna: 5 results
08:51:35  INFO      usajobs: 0 results
08:51:36  INFO    Query: "pre-sales engineer San Francisco"
08:51:37  INFO      adzuna: 0 results
08:51:39  INFO      usajobs: 0 results
08:51:40  INFO    Query: "pre-sales engineer Oakland"
08:51:40  INFO      adzuna: 0 results
08:51:42  INFO      usajobs: 0 results
08:51:43  INFO    Query: "sales engineer San Francisco"
08:51:44  INFO      adzuna: 3 results
08:51:46  INFO      usajobs: 0 results
08:51:47  INFO    Query: "sales engineer Oakland"
08:51:48  INFO      adzuna: 1 results
08:51:50  INFO      usajobs: 0 results
08:51:51  INFO    Query: "technical account manager remote"
08:51:52  INFO      adzuna: 7 results
08:51:54  INFO      usajobs: 0 results
08:51:55  INFO    Query: "technical account manager San Francisco"
08:51:56  INFO      adzuna: 1 results
08:51:58  INFO      usajobs: 0 results
08:51:59  INFO    Query: "technical account manager Oakland"
08:52:03  INFO      adzuna: 0 results
08:52:06  INFO      usajobs: 0 results
08:52:07  INFO    Query: "technical account manager Marin County"
08:52:07  INFO      adzuna: 0 results
08:52:09  INFO      usajobs: 0 results
08:52:10  INFO    Query: "enterprise account manager SaaS remote"
08:52:11  INFO      adzuna: 0 results
08:52:13  INFO      usajobs: 0 results
08:52:14  INFO    Query: "enterprise account manager San Francisco"
08:52:15  INFO      adzuna: 4 results
08:52:18  INFO      usajobs: 0 results
08:52:19  INFO    Query: "enterprise account manager Oakland"
08:52:21  INFO      adzuna: 0 results
08:52:23  INFO      usajobs: 0 results
08:52:24  INFO    Query: "strategic customer success manager San Francisco"
08:52:25  INFO      adzuna: 0 results
08:52:28  INFO      usajobs: 0 results
08:52:29  INFO    Query: "strategic customer success manager Oakland"
08:52:30  INFO      adzuna: 0 results
08:52:32  INFO      usajobs: 0 results
08:52:33  INFO    Query: "partner solutions manager remote"
08:52:35  INFO      adzuna: 0 results
08:52:37  INFO      usajobs: 0 results
08:52:38  INFO    Query: "partner solutions manager San Francisco"
08:52:39  INFO      adzuna: 0 results
08:52:41  INFO      usajobs: 0 results
08:52:42  INFO    Query: "technical sales consultant remote"
08:52:43  INFO      adzuna: 6 results
08:52:45  INFO      usajobs: 0 results
08:52:46  INFO    Query: "technical sales consultant San Francisco"
08:52:47  INFO      adzuna: 0 results
08:52:49  INFO      usajobs: 0 results
08:52:50  INFO    Query: "revenue enablement manager remote"
08:52:51  INFO      adzuna: 0 results
08:52:52  INFO      usajobs: 0 results
08:52:53  INFO    Query: "solutions consultant enterprise San Francisco"
08:52:54  INFO      adzuna: 0 results
08:52:56  INFO      usajobs: 0 results
08:52:57  INFO    Query: "solutions consultant enterprise Oakland"
08:52:58  INFO      adzuna: 0 results
08:53:00  INFO      usajobs: 0 results
08:53:01  INFO    Query: "solutions consultant Richmond California"
08:53:02  INFO      adzuna: 0 results
08:53:04  INFO      usajobs: 0 results
08:53:05  INFO  
Profile: GovTech
08:53:05  INFO    Query: "government account executive remote"
08:53:06  ERROR    Adzuna error for 'government account executive remote': ('Connection aborted.', ConnectionResetError(10054, 'An existing connection was forcibly closed by the remote host', None, 10054, None))
08:53:06  INFO      adzuna: 0 results
08:53:07  ERROR    USAJobs error for 'government account executive remote' page 1: HTTPSConnectionPool(host='data.usajobs.gov', port=443): Max retries exceeded with url: /api/search?Keyword=government+account+executive+remote&DatePosted=30&ResultsPerPage=20&Page=1 (Caused by NewConnectionError("HTTPSConnection(host='data.usajobs.gov', port=443): Failed to establish a new connection: [WinError 10051] A socket operation was attempted to an unreachable network"))
08:53:07  INFO      usajobs: 0 results
08:53:08  INFO    Query: "government account executive San Francisco"
08:53:09  INFO      adzuna: 0 results
08:53:12  INFO      usajobs: 0 results
08:53:13  INFO    Query: "government account executive Oakland"
08:53:14  INFO      adzuna: 0 results
08:53:16  INFO      usajobs: 0 results
08:53:17  INFO    Query: "public sector account executive remote"
08:53:18  INFO      adzuna: 0 results
08:53:20  INFO      usajobs: 0 results
08:53:21  INFO    Query: "public sector account executive San Francisco"
08:53:22  INFO      adzuna: 0 results
08:53:24  INFO      usajobs: 0 results
08:53:25  INFO    Query: "public sector solutions engineer remote"
08:53:26  INFO      adzuna: 0 results
08:53:28  INFO      usajobs: 0 results
08:53:29  INFO    Query: "public sector solutions engineer San Francisco"
08:53:30  INFO      adzuna: 0 results
08:53:33  INFO      usajobs: 0 results
08:53:34  INFO    Query: "public sector solutions engineer Oakland"
08:53:35  INFO      adzuna: 0 results
08:53:37  INFO      usajobs: 0 results
08:53:38  INFO    Query: "federal solutions engineer remote"
08:53:39  INFO      adzuna: 2 results
08:53:41  INFO      usajobs: 0 results
08:53:42  INFO    Query: "state local government sales remote"
08:53:43  INFO      adzuna: 0 results
08:53:46  INFO      usajobs: 0 results
08:53:47  INFO    Query: "state local government account manager San Francisco"
08:53:48  INFO      adzuna: 0 results
08:53:50  INFO      usajobs: 0 results
08:53:51  INFO    Query: "state local government account manager Oakland"
08:53:52  INFO      adzuna: 0 results
08:53:54  INFO      usajobs: 0 results
08:53:55  INFO    Query: "govtech account executive remote"
08:53:56  INFO      adzuna: 0 results
08:53:58  INFO      usajobs: 0 results
08:53:59  INFO    Query: "govtech account executive San Francisco"
08:54:00  INFO      adzuna: 0 results
08:54:03  INFO      usajobs: 0 results
08:54:04  INFO    Query: "govtech customer success manager remote"
08:54:05  INFO      adzuna: 0 results
08:54:07  INFO      usajobs: 0 results
08:54:08  INFO    Query: "govtech customer success manager San Francisco"
08:54:09  INFO      adzuna: 0 results
08:54:12  INFO      usajobs: 0 results
08:54:13  INFO    Query: "federal customer success manager remote"
08:54:14  INFO      adzuna: 0 results
08:54:16  INFO      usajobs: 1 results
08:54:17  INFO    Query: "government software sales remote"
08:54:18  INFO      adzuna: 0 results
08:54:21  INFO      usajobs: 0 results
08:54:22  INFO    Query: "government software sales San Francisco"
08:54:24  INFO      adzuna: 0 results
08:54:27  INFO      usajobs: 0 results
08:54:28  INFO    Query: "civic technology program manager remote"
08:54:29  INFO      adzuna: 0 results
08:54:31  INFO      usajobs: 0 results
08:54:32  INFO    Query: "civic technology program manager San Francisco"
08:54:33  INFO      adzuna: 0 results
08:54:35  INFO      usajobs: 0 results
08:54:36  INFO    Query: "civic technology program manager Oakland"
08:54:37  INFO      adzuna: 0 results
08:54:40  INFO      usajobs: 0 results
08:54:41  INFO    Query: "public sector implementation manager remote"
08:54:42  INFO      adzuna: 0 results
08:54:44  INFO      usajobs: 0 results
08:54:45  INFO    Query: "public sector implementation manager San Francisco"
08:54:46  INFO      adzuna: 0 results
08:54:49  INFO      usajobs: 0 results
08:54:50  INFO    Query: "emergency management software sales remote"
08:54:51  INFO      adzuna: 0 results
08:54:53  INFO      usajobs: 0 results
08:54:54  INFO    Query: "disaster recovery software account executive remote"
08:54:55  INFO      adzuna: 0 results
08:54:57  INFO      usajobs: 0 results
08:54:58  INFO    Query: "grants management software sales remote"
08:55:00  INFO      adzuna: 0 results
08:55:02  INFO      usajobs: 0 results
08:55:03  INFO    Query: "government SaaS account executive remote"
08:55:05  INFO      adzuna: 0 results
08:55:07  INFO      usajobs: 0 results
08:55:08  INFO    Query: "government SaaS account executive San Francisco"
08:55:09  INFO      adzuna: 0 results
08:55:12  INFO      usajobs: 0 results
08:55:13  INFO    Query: "government SaaS solutions engineer remote"
08:55:14  INFO      adzuna: 0 results
08:55:16  INFO      usajobs: 0 results
08:55:17  INFO  
Profile: Floodplain Management / ASFPM
08:55:17  INFO    Query: "floodplain manager"
08:55:19  INFO      adzuna: 20 results
08:55:22  INFO      usajobs: 0 results
08:55:23  INFO    Query: "floodplain administrator"
08:55:25  INFO      adzuna: 10 results
08:55:28  INFO      usajobs: 0 results
08:55:29  INFO    Query: "NFIP coordinator"
08:55:29  INFO      adzuna: 1 results
08:55:31  INFO      usajobs: 0 results
08:55:32  INFO    Query: "certified floodplain manager"
08:55:34  INFO      adzuna: 20 results
08:55:36  INFO      usajobs: 0 results
08:55:37  INFO    Query: "floodplain management consultant"
08:55:38  INFO      adzuna: 0 results
08:55:40  INFO      usajobs: 0 results
08:55:41  INFO    Query: "stormwater program manager"
08:55:42  INFO      adzuna: 20 results
08:55:44  INFO      usajobs: 0 results
08:55:45  INFO    Query: "flood insurance specialist"
08:55:46  INFO      adzuna: 1 results
08:55:50  INFO      usajobs: 0 results
08:55:51  INFO    Query: "floodplain compliance specialist"
08:55:52  INFO      adzuna: 0 results
08:55:54  INFO      usajobs: 0 results
08:55:55  INFO    Query: "watershed program manager"
08:55:56  INFO      adzuna: 4 results
08:55:59  INFO      usajobs: 0 results
08:56:00  INFO    Query: "flood mitigation specialist"
08:56:00  INFO      adzuna: 0 results
08:56:03  INFO      usajobs: 0 results
08:56:04  INFO  
Profile: Bay Area / California
08:56:04  INFO    Query: "emergency management San Francisco"
08:56:05  INFO      adzuna: 0 results
08:56:07  INFO      usajobs: 1 results
08:56:08  INFO    Query: "emergency management Oakland"
08:56:09  INFO      adzuna: 0 results
08:56:12  INFO      usajobs: 0 results
08:56:13  INFO    Query: "emergency management Richmond California"
08:56:15  INFO      adzuna: 0 results
08:56:17  INFO      usajobs: 0 results
08:56:18  INFO    Query: "emergency management Marin County"
08:56:19  INFO      adzuna: 0 results
08:56:22  INFO      usajobs: 0 results
08:56:23  INFO    Query: "disaster recovery manager San Francisco"
08:56:24  INFO      adzuna: 0 results
08:56:26  INFO      usajobs: 0 results
08:56:27  INFO    Query: "disaster recovery manager Oakland"
08:56:28  INFO      adzuna: 0 results
08:56:31  INFO      usajobs: 0 results
08:56:32  INFO    Query: "program manager Oakland"
08:56:33  INFO      adzuna: 5 results
08:56:35  INFO      usajobs: 0 results
08:56:36  INFO    Query: "program manager Richmond California"
08:56:38  INFO      adzuna: 0 results
08:56:40  INFO      usajobs: 0 results
08:56:41  INFO    Query: "program manager Marin County"
08:56:42  INFO      adzuna: 0 results
08:56:45  INFO      usajobs: 0 results
08:56:46  INFO    Query: "grants management San Francisco"
08:56:47  INFO      adzuna: 0 results
08:56:49  INFO      usajobs: 0 results
08:56:50  INFO    Query: "grants management Oakland"
08:56:51  INFO      adzuna: 0 results
08:56:53  INFO      usajobs: 0 results
08:56:54  INFO    Query: "solutions engineer Oakland"
08:56:56  INFO      adzuna: 0 results
08:56:58  INFO      usajobs: 0 results
08:56:59  INFO    Query: "solutions engineer Richmond California"
08:57:01  INFO      adzuna: 0 results
08:57:03  INFO      usajobs: 0 results
08:57:04  INFO    Query: "solutions engineer Marin County"
08:57:05  INFO      adzuna: 0 results
08:57:08  INFO      usajobs: 0 results
08:57:09  INFO    Query: "technical account manager Oakland"
08:57:10  INFO      adzuna: 0 results
08:57:13  INFO      usajobs: 0 results
08:57:14  INFO    Query: "technical account manager Marin County"
08:57:15  INFO      adzuna: 0 results
08:57:18  INFO      usajobs: 0 results
08:57:19  INFO    Query: "customer success manager San Francisco"
08:57:20  INFO      adzuna: 3 results
08:57:22  INFO      usajobs: 0 results
08:57:23  INFO    Query: "customer success manager Oakland"
08:57:25  INFO      adzuna: 0 results
08:57:27  INFO      usajobs: 0 results
08:57:28  INFO    Query: "government consulting San Francisco"
08:57:29  INFO      adzuna: 0 results
08:57:32  INFO      usajobs: 0 results
08:57:33  INFO    Query: "government consulting Oakland"
08:57:34  INFO      adzuna: 0 results
08:57:36  INFO      usajobs: 0 results
08:57:37  INFO    Query: "government consulting Marin County"
08:57:39  INFO      adzuna: 0 results
08:57:41  INFO      usajobs: 0 results
08:57:42  INFO    Query: "sales engineer Oakland"
08:57:43  INFO      adzuna: 1 results
08:57:46  INFO      usajobs: 0 results
08:57:47  INFO    Query: "sales engineer Richmond California"
08:57:48  INFO      adzuna: 0 results
08:57:51  INFO      usajobs: 0 results
08:57:52  INFO    USAJobs extra: "FEMA disaster recovery"
08:57:54  INFO      usajobs: 1 results
08:57:54  INFO    USAJobs extra: "CDBG-DR program manager"
08:57:56  INFO      usajobs: 0 results
08:57:56  INFO    USAJobs extra: "emergency management specialist"
08:57:58  INFO      usajobs: 20 results
08:57:58  INFO    USAJobs extra: "hazard mitigation specialist"
08:58:00  INFO      usajobs: 2 results
08:58:00  INFO    USAJobs extra: "floodplain manager"
08:58:02  INFO      usajobs: 0 results
08:58:02  INFO    USAJobs extra: "public assistance officer FEMA"
08:58:03  INFO      usajobs: 0 results
08:58:04  INFO    USAJobs extra: "grants management specialist HUD"
08:58:05  INFO      usajobs: 0 results
08:58:06  INFO    USAJobs extra: "homeland security emergency management"
08:58:08  INFO      usajobs: 16 results
08:58:08  INFO    USAJobs extra: "disaster recovery program analyst"
08:58:09  INFO      usajobs: 0 results
08:58:10  INFO    USAJobs extra: "resilience planning coordinator"
08:58:11  INFO      usajobs: 1 results
08:58:12  INFO  
\u2500\u2500 Company Watcher (9 companies) \u2500\u2500
08:58:12  INFO  Watching: Fors Marsh Group (breezy)
08:58:13  INFO    Breezy (Fors Marsh Group): 1 matching
08:58:14  INFO  Watching: Dewberry (icims)
08:58:30  INFO    iCIMS (Dewberry): 0 matching
08:58:31  INFO  Watching: Palantir (lever)
08:58:35  INFO    Lever (Palantir): 6 matching
08:58:36  INFO  Watching: ICF (workday)
08:58:39  INFO    Workday (ICF): 2 matching
08:58:40  INFO  Watching: Witt O'Brien's (workday)
08:58:44  INFO    Workday (Witt O'Brien's): 2 matching
08:58:45  INFO  Watching: EisnerAmper (workday)
08:59:01  INFO    Workday (EisnerAmper): 3 matching
08:59:02  INFO  Watching: Cherry Bekaert (workday)
08:59:06  INFO    Workday (Cherry Bekaert): 0 matching
08:59:07  INFO  Watching: KPMG (kpmg)
08:59:21  INFO    KPMG: 6 matching
08:59:22  INFO  Watching: Deloitte (deloitte)
